2022-12-26 21:53:11,339 INFO  [Log] ***************************** 
2022-12-26 21:53:11,340 INFO  [Log] *************************** 
2022-12-26 21:53:11,341 INFO  [Log] ################My first test case is Login test############### 
2022-12-26 21:53:11,341 INFO  [Log] ************************ 
2022-12-26 21:53:11,341 INFO  [Log] ********************** 
2022-12-26 21:53:11,341 INFO  [Log] My login test is going on 
2022-12-26 21:53:11,341 INFO  [Log] My test case might be failed 
2022-12-26 21:53:13,881 INFO  [Log] My test case is about to complete 
2022-12-26 21:53:13,881 INFO  [Log] ########################### 
2022-12-26 21:53:13,881 INFO  [Log] ########################## 
2022-12-26 21:53:13,881 INFO  [Log] ################This is my login test again############### 
2022-12-26 21:53:13,881 INFO  [Log] ########################### 
2022-12-26 21:53:13,881 INFO  [Log] ########################## 
2022-12-27 18:56:22,510 INFO  [Log] ***************************** 
2022-12-27 18:56:22,511 INFO  [Log] *************************** 
2022-12-27 18:56:22,511 INFO  [Log] ################My first test case is Login test############### 
2022-12-27 18:56:22,511 INFO  [Log] ************************ 
2022-12-27 18:56:22,511 INFO  [Log] ********************** 
2022-12-27 18:56:22,511 INFO  [Log] My login test is going on 
2022-12-27 18:56:22,511 INFO  [Log] My test case might be failed 
2022-12-27 18:56:26,395 INFO  [Log] My test case is about to complete 
2022-12-27 18:56:26,395 INFO  [Log] ########################### 
2022-12-27 18:56:26,395 INFO  [Log] ########################## 
2022-12-27 18:56:26,395 INFO  [Log] ################This is my login test again############### 
2022-12-27 18:56:26,395 INFO  [Log] ########################### 
2022-12-27 18:56:26,395 INFO  [Log] ########################## 
2022-12-28 15:33:19,898 INFO  [Log] ***************************** 
2022-12-28 15:33:19,898 INFO  [Log] *************************** 
2022-12-28 15:33:19,898 INFO  [Log] ################My first test case is Login test############### 
2022-12-28 15:33:19,898 INFO  [Log] ************************ 
2022-12-28 15:33:19,898 INFO  [Log] ********************** 
2022-12-28 15:33:19,898 INFO  [Log] My login test is going on 
2022-12-28 15:33:19,898 INFO  [Log] My test case might be failed 
2022-12-28 15:33:20,284 INFO  [Log] My test case is about to complete 
2022-12-28 15:33:20,284 INFO  [Log] ########################### 
2022-12-28 15:33:20,284 INFO  [Log] ########################## 
2022-12-28 15:33:20,284 INFO  [Log] ################This is my login test again############### 
2022-12-28 15:33:20,284 INFO  [Log] ########################### 
2022-12-28 15:33:20,284 INFO  [Log] ########################## 
2022-12-28 15:35:04,513 INFO  [Log] ***************************** 
2022-12-28 15:35:04,513 INFO  [Log] *************************** 
2022-12-28 15:35:04,514 INFO  [Log] ################My first test case is Login test############### 
2022-12-28 15:35:04,514 INFO  [Log] ************************ 
2022-12-28 15:35:04,514 INFO  [Log] ********************** 
2022-12-28 15:35:04,514 INFO  [Log] My login test is going on 
2022-12-28 15:35:04,514 INFO  [Log] My test case might be failed 
2022-12-28 15:35:04,895 INFO  [Log] My test case is about to complete 
2022-12-28 15:35:04,895 INFO  [Log] ########################### 
2022-12-28 15:35:04,895 INFO  [Log] ########################## 
2022-12-28 15:35:04,896 INFO  [Log] ################This is my login test again############### 
2022-12-28 15:35:04,896 INFO  [Log] ########################### 
2022-12-28 15:35:04,896 INFO  [Log] ########################## 
2022-12-28 15:36:49,114 INFO  [Log] ***************************** 
2022-12-28 15:36:49,114 INFO  [Log] *************************** 
2022-12-28 15:36:49,114 INFO  [Log] ################My first test case is Login test############### 
2022-12-28 15:36:49,114 INFO  [Log] ************************ 
2022-12-28 15:36:49,114 INFO  [Log] ********************** 
2022-12-28 15:36:49,114 INFO  [Log] My login test is going on 
2022-12-28 15:36:49,115 INFO  [Log] My test case might be failed 
2022-12-28 15:36:49,866 INFO  [Log] My test case is about to complete 
2022-12-28 15:36:49,866 INFO  [Log] ########################### 
2022-12-28 15:36:49,866 INFO  [Log] ########################## 
2022-12-28 15:36:49,867 INFO  [Log] ################This is my login test again############### 
2022-12-28 15:36:49,867 INFO  [Log] ########################### 
2022-12-28 15:36:49,867 INFO  [Log] ########################## 
2022-12-28 15:41:09,236 INFO  [Log] ***************************** 
2022-12-28 15:41:09,236 INFO  [Log] *************************** 
2022-12-28 15:41:09,236 INFO  [Log] ################My first test case is Login test############### 
2022-12-28 15:41:09,236 INFO  [Log] ************************ 
2022-12-28 15:41:09,236 INFO  [Log] ********************** 
2022-12-28 15:41:09,236 INFO  [Log] My login test is going on 
2022-12-28 15:41:09,236 INFO  [Log] My test case might be failed 
2022-12-28 15:41:10,089 INFO  [Log] My test case is about to complete 
2022-12-28 15:41:10,089 INFO  [Log] ########################### 
2022-12-28 15:41:10,089 INFO  [Log] ########################## 
2022-12-28 15:41:10,089 INFO  [Log] ################This is my login test again############### 
2022-12-28 15:41:10,090 INFO  [Log] ########################### 
2022-12-28 15:41:10,090 INFO  [Log] ########################## 
2022-12-28 15:43:44,644 INFO  [Log] ***************************** 
2022-12-28 15:43:44,645 INFO  [Log] *************************** 
2022-12-28 15:43:44,645 INFO  [Log] ################My first test case is Login test############### 
2022-12-28 15:43:44,645 INFO  [Log] ************************ 
2022-12-28 15:43:44,645 INFO  [Log] ********************** 
2022-12-28 15:43:44,645 INFO  [Log] My login test is going on 
2022-12-28 15:43:44,645 INFO  [Log] My test case might be failed 
2022-12-28 15:43:45,070 INFO  [Log] My test case is about to complete 
2022-12-28 15:43:45,071 INFO  [Log] ########################### 
2022-12-28 15:43:45,071 INFO  [Log] ########################## 
2022-12-28 15:43:45,071 INFO  [Log] ################This is my login test again############### 
2022-12-28 15:43:45,071 INFO  [Log] ########################### 
2022-12-28 15:43:45,071 INFO  [Log] ########################## 
2022-12-28 15:45:47,654 INFO  [Log] ***************************** 
2022-12-28 15:45:47,655 INFO  [Log] *************************** 
2022-12-28 15:45:47,655 INFO  [Log] ################My first test case is Login test############### 
2022-12-28 15:45:47,655 INFO  [Log] ************************ 
2022-12-28 15:45:47,655 INFO  [Log] ********************** 
2022-12-28 15:45:47,655 INFO  [Log] My login test is going on 
2022-12-28 15:45:47,655 INFO  [Log] My test case might be failed 
2022-12-28 15:45:50,130 INFO  [Log] My test case is about to complete 
2022-12-28 15:45:50,130 INFO  [Log] ########################### 
2022-12-28 15:45:50,130 INFO  [Log] ########################## 
2022-12-28 15:45:50,130 INFO  [Log] ################This is my login test again############### 
2022-12-28 15:45:50,130 INFO  [Log] ########################### 
2022-12-28 15:45:50,130 INFO  [Log] ########################## 
2022-12-28 15:46:54,654 INFO  [Log] ***************************** 
2022-12-28 15:46:54,654 INFO  [Log] *************************** 
2022-12-28 15:46:54,654 INFO  [Log] ################My first test case is Login test############### 
2022-12-28 15:46:54,654 INFO  [Log] ************************ 
2022-12-28 15:46:54,654 INFO  [Log] ********************** 
2022-12-28 15:46:54,654 INFO  [Log] My login test is going on 
2022-12-28 15:46:54,654 INFO  [Log] My test case might be failed 
2022-12-28 15:46:55,097 INFO  [Log] My test case is about to complete 
2022-12-28 15:46:55,097 INFO  [Log] ########################### 
2022-12-28 15:46:55,097 INFO  [Log] ########################## 
2022-12-28 15:46:55,097 INFO  [Log] ################This is my login test again############### 
2022-12-28 15:46:55,097 INFO  [Log] ########################### 
2022-12-28 15:46:55,097 INFO  [Log] ########################## 
2022-12-28 15:50:20,478 INFO  [Log] ***************************** 
2022-12-28 15:50:20,482 INFO  [Log] *************************** 
2022-12-28 15:50:20,482 INFO  [Log] ################My first test case is Login test############### 
2022-12-28 15:50:20,482 INFO  [Log] ************************ 
2022-12-28 15:50:20,482 INFO  [Log] ********************** 
2022-12-28 15:50:20,482 INFO  [Log] My login test is going on 
2022-12-28 15:50:20,482 INFO  [Log] My test case might be failed 
2022-12-28 15:50:21,211 INFO  [Log] My test case is about to complete 
2022-12-28 15:50:21,211 INFO  [Log] ########################### 
2022-12-28 15:50:21,213 INFO  [Log] ########################## 
2022-12-28 15:50:21,214 INFO  [Log] ################This is my login test again############### 
2022-12-28 15:50:21,214 INFO  [Log] ########################### 
2022-12-28 15:50:21,214 INFO  [Log] ########################## 
2022-12-28 15:57:40,999 INFO  [Log] ***************************** 
2022-12-28 15:57:41,000 INFO  [Log] *************************** 
2022-12-28 15:57:41,000 INFO  [Log] ################My first test case is Login test############### 
2022-12-28 15:57:41,000 INFO  [Log] ************************ 
2022-12-28 15:57:41,000 INFO  [Log] ********************** 
2022-12-28 15:57:41,000 INFO  [Log] My login test is going on 
2022-12-28 15:57:41,000 INFO  [Log] My test case might be failed 
2022-12-28 15:57:41,570 INFO  [Log] My test case is about to complete 
2022-12-28 15:57:41,570 INFO  [Log] ########################### 
2022-12-28 15:57:41,570 INFO  [Log] ########################## 
2022-12-28 15:57:41,570 INFO  [Log] ################This is my login test again############### 
2022-12-28 15:57:41,570 INFO  [Log] ########################### 
2022-12-28 15:57:41,570 INFO  [Log] ########################## 
2022-12-28 16:43:10,834 INFO  [Log] ***************************** 
2022-12-28 16:43:10,834 INFO  [Log] *************************** 
2022-12-28 16:43:10,834 INFO  [Log] ################My first test case is Login test############### 
2022-12-28 16:43:10,834 INFO  [Log] ************************ 
2022-12-28 16:43:10,834 INFO  [Log] ********************** 
2022-12-28 16:43:10,834 INFO  [Log] My login test is going on 
2022-12-28 16:43:10,834 INFO  [Log] My test case might be failed 
2022-12-28 16:43:47,676 INFO  [Log] ***************************** 
2022-12-28 16:43:47,677 INFO  [Log] *************************** 
2022-12-28 16:43:47,677 INFO  [Log] ################My first test case is Login test############### 
2022-12-28 16:43:47,677 INFO  [Log] ************************ 
2022-12-28 16:43:47,677 INFO  [Log] ********************** 
2022-12-28 16:43:47,677 INFO  [Log] My login test is going on 
2022-12-28 16:43:47,677 INFO  [Log] My test case might be failed 
2022-12-28 16:44:19,139 INFO  [Log] My test case is about to complete 
2022-12-28 16:44:19,139 INFO  [Log] ########################### 
2022-12-28 16:44:19,140 INFO  [Log] ########################## 
2022-12-28 16:44:19,140 INFO  [Log] ################This is my login test again############### 
2022-12-28 16:44:19,140 INFO  [Log] ########################### 
2022-12-28 16:44:19,140 INFO  [Log] ########################## 
2022-12-28 16:45:54,419 INFO  [Log] ***************************** 
2022-12-28 16:45:54,419 INFO  [Log] *************************** 
2022-12-28 16:45:54,419 INFO  [Log] ################My first test case is Login test############### 
2022-12-28 16:45:54,419 INFO  [Log] ************************ 
2022-12-28 16:45:54,419 INFO  [Log] ********************** 
2022-12-28 16:45:54,419 INFO  [Log] My login test is going on 
2022-12-28 16:45:54,419 INFO  [Log] My test case might be failed 
2022-12-28 16:46:26,163 INFO  [Log] My test case is about to complete 
2022-12-28 16:46:26,163 INFO  [Log] ########################### 
2022-12-28 16:46:26,163 INFO  [Log] ########################## 
2022-12-28 16:46:26,163 INFO  [Log] ################This is my login test again############### 
2022-12-28 16:46:26,163 INFO  [Log] ########################### 
2022-12-28 16:46:26,163 INFO  [Log] ########################## 
2022-12-28 16:47:19,953 INFO  [Log] ***************************** 
2022-12-28 16:47:19,954 INFO  [Log] *************************** 
2022-12-28 16:47:19,954 INFO  [Log] ################My first test case is Login test############### 
2022-12-28 16:47:19,954 INFO  [Log] ************************ 
2022-12-28 16:47:19,954 INFO  [Log] ********************** 
2022-12-28 16:47:19,954 INFO  [Log] My login test is going on 
2022-12-28 16:47:19,954 INFO  [Log] My test case might be failed 
2022-12-28 16:47:31,471 INFO  [Log] My test case is about to complete 
2022-12-28 16:47:31,472 INFO  [Log] ########################### 
2022-12-28 16:47:31,472 INFO  [Log] ########################## 
2022-12-28 16:47:31,472 INFO  [Log] ################This is my login test again############### 
2022-12-28 16:47:31,472 INFO  [Log] ########################### 
2022-12-28 16:47:31,472 INFO  [Log] ########################## 
